<?xml version="1.0" encoding="UTF-8"?>
<testng-results ignored="0" total="1" passed="1" failed="0" skipped="0">
  <reporter-output>
  </reporter-output>
  <suite started-at="2024-12-08T19:20:18 IST" name="Automation Suite" finished-at="2024-12-08T19:21:05 IST" duration-ms="47382">
    <groups>
    </groups>
    <test started-at="2024-12-08T19:20:18 IST" name="CreateLeadTest_Playwright_Firefox" finished-at="2024-12-08T19:21:05 IST" duration-ms="47382">
      <class name="testcases.TC001_CreateLead">
        <test-method is-config="true" signature="preCondition(java.lang.String,java.lang.String)[pri:0, instance:testcases.TC001_CreateLead@173ed316]" started-at="2024-12-08T19:20:18 IST" name="preCondition" finished-at="2024-12-08T19:20:42 IST" duration-ms="23865" status="PASS">
          <params>
            <param index="0">
              <value>
                <![CDATA[PLAYWRIGHT]]>
              </value>
            </param>
            <param index="1">
              <value>
                <![CDATA[FIREFOX]]>
              </value>
            </param>
          </params>
          <reporter-output>
          </reporter-output>
        </test-method> <!-- preCondition -->
        <test-method is-config="true" signature="setup()[pri:0, instance:testcases.TC001_CreateLead@173ed316]" started-at="2024-12-08T19:20:42 IST" name="setup" finished-at="2024-12-08T19:20:57 IST" duration-ms="15043" status="PASS">
          <reporter-output>
          </reporter-output>
        </test-method> <!-- setup -->
        <test-method signature="runCreateLead()[pri:0, instance:testcases.TC001_CreateLead@173ed316]" started-at="2024-12-08T19:20:57 IST" name="runCreateLead" finished-at="2024-12-08T19:21:03 IST" duration-ms="6129" status="PASS">
          <reporter-output>
          </reporter-output>
        </test-method> <!-- runCreateLead -->
        <test-method is-config="true" signature="tearDown()[pri:0, instance:testcases.TC001_CreateLead@173ed316]" started-at="2024-12-08T19:21:03 IST" name="tearDown" finished-at="2024-12-08T19:21:04 IST" duration-ms="1247" status="PASS">
          <reporter-output>
          </reporter-output>
        </test-method> <!-- tearDown -->
        <test-method is-config="true" signature="postCondition()[pri:0, instance:testcases.TC001_CreateLead@173ed316]" started-at="2024-12-08T19:21:04 IST" name="postCondition" finished-at="2024-12-08T19:21:05 IST" duration-ms="1042" status="PASS">
          <reporter-output>
          </reporter-output>
        </test-method> <!-- postCondition -->
      </class> <!-- testcases.TC001_CreateLead -->
    </test> <!-- CreateLeadTest_Playwright_Firefox -->
  </suite> <!-- Automation Suite -->
</testng-results>
